[ 25%] [32m[1mLinking CXX executable stereo[0m
[ 25%] [32m[1mLinking CXX executable rgbd[0m
[ 25%] [32m[1mLinking CXX executable mono[0m
[ 33%] [32m[1mLinking CXX executable stereo-inertial[0m
[ 50%] Built target mono
[ 66%] Built target rgbd
[ 83%] Built target stereo
[100%] Built target stereo-inertial
-- Install configuration: ""
-- Execute custom install script
-- Symlinking: /home/gr/TB_ORB_SLAM3_ws/install/orbslam3/lib/orbslam3/mono
-- Symlinking: /home/gr/TB_ORB_SLAM3_ws/install/orbslam3/lib/orbslam3/rgbd
-- Symlinking: /home/gr/TB_ORB_SLAM3_ws/install/orbslam3/lib/orbslam3/stereo
-- Symlinking: /home/gr/TB_ORB_SLAM3_ws/install/orbslam3/lib/orbslam3/stereo-inertial
CMake Error at ament_cmake_symlink_install/ament_cmake_symlink_install.cmake:100 (message):
  ament_cmake_symlink_install_directory() can't find
  '/home/gr/TB_ORB_SLAM3_ws/src/orbslam3_ros2/launch'
Call Stack (most recent call first):
  ament_cmake_symlink_install/ament_cmake_symlink_install.cmake:317 (ament_cmake_symlink_install_directory)
  cmake_install.cmake:41 (include)


