[100%] Built target rgbd
[100%] Built target stereo
[100%] Built target mono
[100%] Built target stereo-inertial
-- Install configuration: ""
-- Execute custom install script
-- Up-to-date symlink: /home/gr/TB_ORB_SLAM3_ws/install/orbslam3/lib/orbslam3/mono
-- Up-to-date symlink: /home/gr/TB_ORB_SLAM3_ws/install/orbslam3/lib/orbslam3/rgbd
-- Up-to-date symlink: /home/gr/TB_ORB_SLAM3_ws/install/orbslam3/lib/orbslam3/stereo
-- Up-to-date symlink: /home/gr/TB_ORB_SLAM3_ws/install/orbslam3/lib/orbslam3/stereo-inertial
-- Symlinking: /home/gr/TB_ORB_SLAM3_ws/install/orbslam3/share/orbslam3//launch/orb-slam3_zed2i.launch.xml.save
-- Symlinking: /home/gr/TB_ORB_SLAM3_ws/install/orbslam3/share/orbslam3//launch/orb-slam3_zed2i.launch.xml.save.1
-- Symlinking: /home/gr/TB_ORB_SLAM3_ws/install/orbslam3/share/orbslam3//launch/orb_slam3.launch.py
-- Symlinking: /home/gr/TB_ORB_SLAM3_ws/install/orbslam3/share/ament_index/resource_index/package_run_dependencies/orbslam3
-- Symlinking: /home/gr/TB_ORB_SLAM3_ws/install/orbslam3/share/ament_index/resource_index/parent_prefix_path/orbslam3
-- Symlinking: /home/gr/TB_ORB_SLAM3_ws/install/orbslam3/share/orbslam3/environment/ament_prefix_path.sh
-- Symlinking: /home/gr/TB_ORB_SLAM3_ws/install/orbslam3/share/orbslam3/environment/ament_prefix_path.dsv
-- Symlinking: /home/gr/TB_ORB_SLAM3_ws/install/orbslam3/share/orbslam3/environment/path.sh
-- Symlinking: /home/gr/TB_ORB_SLAM3_ws/install/orbslam3/share/orbslam3/environment/path.dsv
-- Symlinking: /home/gr/TB_ORB_SLAM3_ws/install/orbslam3/share/orbslam3/local_setup.bash
-- Symlinking: /home/gr/TB_ORB_SLAM3_ws/install/orbslam3/share/orbslam3/local_setup.sh
-- Symlinking: /home/gr/TB_ORB_SLAM3_ws/install/orbslam3/share/orbslam3/local_setup.zsh
-- Symlinking: /home/gr/TB_ORB_SLAM3_ws/install/orbslam3/share/orbslam3/local_setup.dsv
-- Symlinking: /home/gr/TB_ORB_SLAM3_ws/install/orbslam3/share/orbslam3/package.dsv
-- Symlinking: /home/gr/TB_ORB_SLAM3_ws/install/orbslam3/share/ament_index/resource_index/packages/orbslam3
-- Symlinking: /home/gr/TB_ORB_SLAM3_ws/install/orbslam3/share/orbslam3/cmake/orbslam3Config.cmake
-- Symlinking: /home/gr/TB_ORB_SLAM3_ws/install/orbslam3/share/orbslam3/cmake/orbslam3Config-version.cmake
-- Symlinking: /home/gr/TB_ORB_SLAM3_ws/install/orbslam3/share/orbslam3/package.xml
