[0.013s] Invoking command in '/home/gr/TB_ORB_SLAM3_ws/build/orbslam3': CMAKE_PREFIX_PATH=/opt/ros/foxy /usr/bin/cmake --build /home/gr/TB_ORB_SLAM3_ws/build/orbslam3 -- -j12 -l12
[0.078s] [100%] Built target rgbd
[0.079s] [100%] Built target stereo
[0.079s] [100%] Built target mono
[0.079s] [100%] Built target stereo-inertial
[0.088s] Invoked command in '/home/gr/TB_ORB_SLAM3_ws/build/orbslam3' returned '0': CMAKE_PREFIX_PATH=/opt/ros/foxy /usr/bin/cmake --build /home/gr/TB_ORB_SLAM3_ws/build/orbslam3 -- -j12 -l12
[0.098s] Invoking command in '/home/gr/TB_ORB_SLAM3_ws/build/orbslam3': CMAKE_PREFIX_PATH=/opt/ros/foxy /usr/bin/cmake --install /home/gr/TB_ORB_SLAM3_ws/build/orbslam3
[0.104s] -- Install configuration: ""
[0.104s] -- Execute custom install script
[0.105s] -- Up-to-date symlink: /home/gr/TB_ORB_SLAM3_ws/install/orbslam3/lib/orbslam3/mono
[0.105s] -- Up-to-date symlink: /home/gr/TB_ORB_SLAM3_ws/install/orbslam3/lib/orbslam3/rgbd
[0.106s] -- Up-to-date symlink: /home/gr/TB_ORB_SLAM3_ws/install/orbslam3/lib/orbslam3/stereo
[0.106s] -- Up-to-date symlink: /home/gr/TB_ORB_SLAM3_ws/install/orbslam3/lib/orbslam3/stereo-inertial
[0.106s] -- Symlinking: /home/gr/TB_ORB_SLAM3_ws/install/orbslam3/share/orbslam3//launch/orb-slam3_zed2i.launch.xml.save
[0.115s] -- Symlinking: /home/gr/TB_ORB_SLAM3_ws/install/orbslam3/share/orbslam3//launch/orb-slam3_zed2i.launch.xml.save.1
[0.123s] -- Symlinking: /home/gr/TB_ORB_SLAM3_ws/install/orbslam3/share/orbslam3//launch/orb_slam3.launch.py
[0.130s] -- Symlinking: /home/gr/TB_ORB_SLAM3_ws/install/orbslam3/share/ament_index/resource_index/package_run_dependencies/orbslam3
[0.137s] -- Symlinking: /home/gr/TB_ORB_SLAM3_ws/install/orbslam3/share/ament_index/resource_index/parent_prefix_path/orbslam3
[0.144s] -- Symlinking: /home/gr/TB_ORB_SLAM3_ws/install/orbslam3/share/orbslam3/environment/ament_prefix_path.sh
[0.150s] -- Symlinking: /home/gr/TB_ORB_SLAM3_ws/install/orbslam3/share/orbslam3/environment/ament_prefix_path.dsv
[0.157s] -- Symlinking: /home/gr/TB_ORB_SLAM3_ws/install/orbslam3/share/orbslam3/environment/path.sh
[0.164s] -- Symlinking: /home/gr/TB_ORB_SLAM3_ws/install/orbslam3/share/orbslam3/environment/path.dsv
[0.170s] -- Symlinking: /home/gr/TB_ORB_SLAM3_ws/install/orbslam3/share/orbslam3/local_setup.bash
[0.177s] -- Symlinking: /home/gr/TB_ORB_SLAM3_ws/install/orbslam3/share/orbslam3/local_setup.sh
[0.183s] -- Symlinking: /home/gr/TB_ORB_SLAM3_ws/install/orbslam3/share/orbslam3/local_setup.zsh
[0.190s] -- Symlinking: /home/gr/TB_ORB_SLAM3_ws/install/orbslam3/share/orbslam3/local_setup.dsv
[0.197s] -- Symlinking: /home/gr/TB_ORB_SLAM3_ws/install/orbslam3/share/orbslam3/package.dsv
[0.204s] -- Symlinking: /home/gr/TB_ORB_SLAM3_ws/install/orbslam3/share/ament_index/resource_index/packages/orbslam3
[0.211s] -- Symlinking: /home/gr/TB_ORB_SLAM3_ws/install/orbslam3/share/orbslam3/cmake/orbslam3Config.cmake
[0.219s] -- Symlinking: /home/gr/TB_ORB_SLAM3_ws/install/orbslam3/share/orbslam3/cmake/orbslam3Config-version.cmake
[0.227s] -- Symlinking: /home/gr/TB_ORB_SLAM3_ws/install/orbslam3/share/orbslam3/package.xml
[0.235s] Invoked command in '/home/gr/TB_ORB_SLAM3_ws/build/orbslam3' returned '0': CMAKE_PREFIX_PATH=/opt/ros/foxy /usr/bin/cmake --install /home/gr/TB_ORB_SLAM3_ws/build/orbslam3
